INFO  03:23:06 - You are trying to deal 1 damage!
INFO  03:23:06 - You were damaged for 1 hitpoints
INFO  03:23:06 - You are checking the State of your enemy
INFO  03:23:06 - The State of your enemy is: DoingNothing
INFO  03:23:06 - You are defending for 2s.
INFO  03:23:06 - You are trying to deal 1 damage!
INFO  03:23:06 - You were damaged for 1 hitpoints
INFO  03:23:06 - You are checking the State of your enemy
INFO  03:23:06 - The State of your enemy is: DoingNothing
INFO  03:23:06 - You are defending for 2s.
INFO  03:23:06 - You are trying to deal 1 damage!
INFO  03:23:06 - You were damaged for 1 hitpoints
INFO  03:23:06 - You are checking the State of your enemy
INFO  03:23:06 - The State of your enemy is: DoingNothing
INFO  03:23:06 - You are defending for 2s.
INFO  03:23:07 - You are trying to deal 1 damage!
INFO  03:23:07 - You were damaged for 1 hitpoints
INFO  03:23:07 - You are checking the State of your enemy
INFO  03:23:07 - The State of your enemy is: DoingNothing
INFO  03:23:07 - You are defending for 2s.
INFO  03:23:07 - You are trying to deal 1 damage!
INFO  03:23:07 - You were damaged for 1 hitpoints
INFO  03:23:07 - You are checking the State of your enemy
INFO  03:23:07 - The State of your enemy is: DoingNothing
INFO  03:23:07 - You are defending for 2s.
INFO  03:23:07 - You are trying to deal 1 damage!
INFO  03:23:08 - You were damaged for 1 hitpoints
INFO  03:23:08 - You are checking the State of your enemy
INFO  03:23:08 - The State of your enemy is: DoingNothing
INFO  03:23:08 - You are defending for 2s.
INFO  03:23:08 - You are trying to deal 1 damage!
INFO  03:23:08 - You were damaged for 1 hitpoints
INFO  03:23:08 - You are checking the State of your enemy
INFO  03:23:08 - The State of your enemy is: DoingNothing
INFO  03:23:08 - You are defending for 2s.
INFO  03:23:08 - You are trying to deal 1 damage!
INFO  03:23:08 - You were damaged for 1 hitpoints
INFO  03:23:08 - You are checking the State of your enemy
INFO  03:23:08 - The State of your enemy is: DoingNothing
INFO  03:23:08 - You are defending for 2s.
INFO  03:23:08 - You are trying to deal 1 damage!
INFO  03:23:09 - You were damaged for 1 hitpoints
INFO  03:23:09 - You are checking the State of your enemy
INFO  03:23:09 - The State of your enemy is: DoingNothing
INFO  03:23:09 - You are defending for 2s.
INFO  03:23:09 - You are trying to deal 1 damage!
INFO  03:23:09 - You were damaged for 1 hitpoints
INFO  03:33:54 - You are trying to deal 1 damage!
INFO  03:33:54 - You are trying to deal 1 damage!
INFO  03:33:54 - You were damaged for 1 hitpoints
INFO  03:33:54 - You were damaged for 1 hitpoints
INFO  03:33:54 - You are checking the State of your enemy
INFO  03:33:54 - The State of your enemy is: DoingNothing
INFO  03:33:54 - You are checking the State of your enemy
INFO  03:33:54 - The State of your enemy is: DoingNothing
INFO  03:33:54 - You are defending for 2s.
INFO  03:33:54 - You are defending for 2s.
INFO  03:33:54 - You are trying to deal 1 damage!
INFO  03:33:54 - You are trying to deal 1 damage!
INFO  03:33:54 - You were damaged for 1 hitpoints
INFO  03:33:54 - You are checking the State of your enemy
INFO  03:33:54 - The State of your enemy is: Interrupted
INFO  03:33:54 - You were trying to attack, but you were interrupted
INFO  03:33:54 - You are defending for 2s.
INFO  03:33:54 - You are checking the State of your enemy
INFO  03:33:54 - The State of your enemy is: Defending
INFO  03:33:54 - You are defending for 2s.
INFO  03:33:54 - You are trying to deal 1 damage!
INFO  03:33:54 - You are trying to deal 1 damage!
INFO  03:33:55 - You were damaged for 1 hitpoints
INFO  03:33:55 - You are checking the State of your enemy
INFO  03:33:55 - The State of your enemy is: Interrupted
INFO  03:33:55 - You are defending for 2s.
INFO  03:33:55 - You were trying to attack, but you were interrupted
INFO  03:33:55 - You are checking the State of your enemy
INFO  03:33:55 - The State of your enemy is: Defending
INFO  03:33:55 - You are defending for 2s.
INFO  03:33:55 - You are trying to deal 1 damage!
INFO  03:33:55 - You are trying to deal 1 damage!
INFO  03:33:55 - You were damaged for 1 hitpoints
INFO  03:33:55 - You are checking the State of your enemy
INFO  03:33:55 - The State of your enemy is: Interrupted
INFO  03:33:55 - You are defending for 2s.
INFO  03:33:55 - You were trying to attack, but you were interrupted
INFO  03:33:55 - You are checking the State of your enemy
INFO  03:33:55 - The State of your enemy is: Defending
INFO  03:33:55 - You are defending for 2s.
INFO  03:33:55 - You are trying to deal 1 damage!
INFO  03:33:55 - You are trying to deal 1 damage!
INFO  03:33:55 - You were damaged for 1 hitpoints
INFO  03:33:55 - You are checking the State of your enemy
INFO  03:33:55 - The State of your enemy is: Interrupted
INFO  03:33:55 - You are defending for 2s.
INFO  03:33:55 - You were trying to attack, but you were interrupted
INFO  03:33:55 - You are checking the State of your enemy
INFO  03:33:55 - The State of your enemy is: Defending
INFO  03:33:55 - You are defending for 2s.
INFO  03:33:55 - You are trying to deal 1 damage!
INFO  03:33:56 - You are trying to deal 1 damage!
INFO  03:33:56 - You were damaged for 1 hitpoints
INFO  03:33:56 - You are checking the State of your enemy
INFO  03:33:56 - The State of your enemy is: Interrupted
INFO  03:33:56 - You are defending for 2s.
INFO  03:33:56 - You were trying to attack, but you were interrupted
INFO  03:33:56 - You are checking the State of your enemy
INFO  03:33:56 - The State of your enemy is: Defending
INFO  03:33:56 - You are defending for 2s.
INFO  03:33:56 - You are trying to deal 1 damage!
INFO  03:33:56 - You are trying to deal 1 damage!
INFO  03:33:56 - You were damaged for 1 hitpoints
INFO  03:33:56 - You are checking the State of your enemy
INFO  03:33:56 - The State of your enemy is: Interrupted
INFO  03:33:56 - You are defending for 2s.
INFO  03:33:56 - You were trying to attack, but you were interrupted
INFO  03:33:56 - You are checking the State of your enemy
INFO  03:33:56 - The State of your enemy is: Defending
INFO  03:33:56 - You are defending for 2s.
INFO  03:33:56 - You are trying to deal 1 damage!
INFO  03:33:56 - You are trying to deal 1 damage!
INFO  03:33:56 - You were damaged for 1 hitpoints
INFO  03:33:56 - You are checking the State of your enemy
INFO  03:33:56 - The State of your enemy is: Interrupted
INFO  03:33:56 - You are defending for 2s.
INFO  03:33:56 - You were trying to attack, but you were interrupted
INFO  03:33:56 - You are checking the State of your enemy
INFO  03:33:56 - The State of your enemy is: Defending
INFO  03:33:56 - You are defending for 2s.
INFO  03:33:57 - You are trying to deal 1 damage!
INFO  03:33:57 - You didn`t lose any health because you were defending!
INFO  03:33:57 - You are trying to deal 1 damage!
INFO  03:33:57 - You are checking the State of your enemy
INFO  03:33:57 - The State of your enemy is: Attacking
INFO  03:33:57 - You are defending for 2s.
INFO  03:33:57 - You didn`t lose any health because you were defending!
INFO  03:33:57 - You are checking the State of your enemy
INFO  03:33:57 - The State of your enemy is: Defending
INFO  03:33:57 - You are defending for 2s.
INFO  03:33:57 - You are trying to deal 1 damage!
INFO  03:33:57 - You didn`t lose any health because you were defending!
INFO  03:33:57 - You are trying to deal 1 damage!
INFO  03:33:57 - You are checking the State of your enemy
INFO  03:33:57 - The State of your enemy is: Attacking
INFO  03:33:57 - You are defending for 2s.
INFO  03:33:57 - You didn`t lose any health because you were defending!
INFO  03:33:57 - You are checking the State of your enemy
INFO  03:33:57 - The State of your enemy is: Defending
INFO  03:33:57 - You are defending for 2s.
INFO  03:33:57 - You are trying to deal 1 damage!
INFO  03:33:58 - You didn`t lose any health because you were defending!
INFO  03:33:58 - You are checking the State of your enemy
INFO  03:33:58 - The State of your enemy is: DoingNothing
INFO  03:33:58 - You are trying to deal 1 damage!
INFO  03:33:58 - You are defending for 2s.
INFO  03:33:58 - You didn`t lose any health because you were defending!
INFO  03:33:58 - You are checking the State of your enemy
INFO  03:33:58 - The State of your enemy is: Defending
INFO  03:33:58 - You are defending for 2s.
INFO  03:33:58 - You are trying to deal 1 damage!
INFO  03:33:58 - You didn`t lose any health because you were defending!
INFO  03:33:58 - You are checking the State of your enemy
INFO  03:33:58 - The State of your enemy is: Defending
INFO  03:33:58 - You are defending for 2s.
INFO  03:33:58 - You are trying to deal 1 damage!
INFO  03:33:58 - You didn`t lose any health because you were defending!
INFO  03:33:58 - You are checking the State of your enemy
INFO  03:33:58 - The State of your enemy is: Defending
INFO  03:33:58 - You are defending for 2s.
INFO  03:33:58 - You are trying to deal 1 damage!
INFO  03:33:58 - You didn`t lose any health because you were defending!
INFO  03:33:58 - You are checking the State of your enemy
INFO  03:33:58 - The State of your enemy is: Defending
INFO  03:33:58 - You are defending for 2s.
INFO  03:33:58 - You are trying to deal 1 damage!
INFO  03:33:59 - You didn`t lose any health because you were defending!
INFO  03:33:59 - You are checking the State of your enemy
INFO  03:33:59 - The State of your enemy is: Defending
INFO  03:33:59 - You are trying to deal 1 damage!
INFO  03:33:59 - You are defending for 2s.
INFO  03:33:59 - You didn`t lose any health because you were defending!
INFO  03:33:59 - You are checking the State of your enemy
INFO  03:33:59 - The State of your enemy is: Defending
INFO  03:33:59 - You are defending for 2s.
INFO  03:33:59 - You are trying to deal 1 damage!
INFO  03:33:59 - You didn`t lose any health because you were defending!
INFO  03:33:59 - You are trying to deal 1 damage!
INFO  03:33:59 - You are checking the State of your enemy
INFO  03:33:59 - The State of your enemy is: Attacking
INFO  03:33:59 - You are defending for 2s.
INFO  03:33:59 - You didn`t lose any health because you were defending!
INFO  03:33:59 - You are checking the State of your enemy
INFO  03:33:59 - The State of your enemy is: Defending
INFO  03:33:59 - You are defending for 2s.
INFO  03:33:59 - You are trying to deal 1 damage!
INFO  03:33:59 - You didn`t lose any health because you were defending!
INFO  03:33:59 - You are trying to deal 1 damage!
INFO  03:34:00 - You are checking the State of your enemy
INFO  03:34:00 - The State of your enemy is: Attacking
INFO  03:34:00 - You are defending for 2s.
INFO  03:34:00 - You didn`t lose any health because you were defending!
INFO  03:34:00 - You are checking the State of your enemy
INFO  03:34:00 - The State of your enemy is: Defending
INFO  03:34:00 - You are defending for 2s.
INFO  03:34:00 - You are trying to deal 1 damage!
INFO  03:34:00 - You were damaged for 1 hitpoints
INFO  03:34:00 - You are trying to deal 1 damage!
INFO  03:34:00 - You are checking the State of your enemy
INFO  03:34:00 - The State of your enemy is: Attacking
INFO  03:34:00 - You are defending for 2s.
INFO  03:34:00 - You didn`t lose any health because you were defending!
INFO  03:34:00 - You are checking the State of your enemy
INFO  03:34:00 - The State of your enemy is: Defending
INFO  03:34:00 - You are defending for 2s.
INFO  03:34:00 - You are trying to deal 1 damage!
INFO  03:34:00 - You didn`t lose any health because you were defending!
INFO  03:34:00 - You are trying to deal 1 damage!
INFO  03:34:00 - You are checking the State of your enemy
INFO  03:34:00 - The State of your enemy is: Attacking
INFO  03:34:00 - You are defending for 2s.
INFO  03:34:00 - You didn`t lose any health because you were defending!
INFO  03:34:00 - You are checking the State of your enemy
INFO  03:34:00 - The State of your enemy is: Defending
INFO  03:34:00 - You are defending for 2s.
INFO  03:34:01 - You are trying to deal 1 damage!
INFO  03:34:01 - You didn`t lose any health because you were defending!
INFO  03:34:01 - You are trying to deal 1 damage!
INFO  03:34:01 - You are checking the State of your enemy
INFO  03:34:01 - The State of your enemy is: Attacking
INFO  03:34:01 - You are defending for 2s.
INFO  03:34:01 - You didn`t lose any health because you were defending!
INFO  03:34:01 - You are checking the State of your enemy
INFO  03:34:01 - The State of your enemy is: Defending
INFO  03:34:01 - You are defending for 2s.
INFO  03:34:01 - You are trying to deal 1 damage!
INFO  03:34:01 - You are trying to deal 1 damage!
INFO  03:34:01 - You were damaged for 1 hitpoints
INFO  03:34:01 - You are checking the State of your enemy
INFO  03:34:01 - The State of your enemy is: Interrupted
INFO  03:34:01 - You are defending for 2s.
INFO  03:34:01 - You were trying to attack, but you were interrupted
INFO  03:34:01 - You are checking the State of your enemy
INFO  03:34:01 - The State of your enemy is: Defending
INFO  03:34:01 - You are defending for 2s.
INFO  03:34:01 - You are trying to deal 1 damage!
INFO  03:34:01 - You are trying to deal 1 damage!
INFO  03:34:02 - You were damaged for 1 hitpoints
INFO  03:34:02 - You are checking the State of your enemy
INFO  03:34:02 - The State of your enemy is: Interrupted
INFO  03:34:02 - You are defending for 2s.
INFO  03:34:02 - You were trying to attack, but you were interrupted
INFO  03:34:02 - You are checking the State of your enemy
INFO  03:34:02 - The State of your enemy is: Defending
INFO  03:34:02 - You are defending for 2s.
INFO  03:34:02 - You are trying to deal 1 damage!
INFO  03:34:02 - You are trying to deal 1 damage!
INFO  03:34:02 - You were damaged for 1 hitpoints
INFO  03:34:02 - You are checking the State of your enemy
INFO  03:34:02 - The State of your enemy is: Interrupted
INFO  03:34:02 - You are defending for 2s.
INFO  03:34:02 - You were trying to attack, but you were interrupted
INFO  03:34:02 - You are checking the State of your enemy
INFO  03:34:02 - The State of your enemy is: Defending
INFO  03:34:02 - You are defending for 2s.
INFO  03:34:02 - You are trying to deal 1 damage!
INFO  03:34:02 - You are trying to deal 1 damage!
INFO  03:34:02 - You were damaged for 1 hitpoints
INFO  03:34:02 - You are checking the State of your enemy
INFO  03:34:02 - The State of your enemy is: Interrupted
INFO  03:34:02 - You are defending for 2s.
INFO  03:34:02 - You were trying to attack, but you were interrupted
INFO  03:34:02 - You are checking the State of your enemy
INFO  03:34:02 - The State of your enemy is: Defending
INFO  03:34:02 - You are defending for 2s.
INFO  03:34:03 - You are trying to deal 1 damage!
INFO  03:34:03 - You are trying to deal 1 damage!
INFO  03:34:03 - You were damaged for 1 hitpoints
INFO  03:34:03 - You were damaged for 1 hitpoints
INFO  03:34:03 - You are checking the State of your enemy
INFO  03:34:03 - The State of your enemy is: DoingNothing
INFO  03:34:03 - You are checking the State of your enemy
INFO  03:34:03 - The State of your enemy is: DoingNothing
INFO  03:34:03 - You are defending for 2s.
INFO  03:34:03 - You are defending for 2s.
INFO  03:34:03 - You are trying to deal 1 damage!
INFO  03:34:03 - You are trying to deal 1 damage!
INFO  03:34:03 - You were damaged for 1 hitpoints
INFO  03:34:03 - You were trying to attack, but you were interrupted
INFO  03:34:03 - You are checking the State of your enemy
INFO  03:34:03 - The State of your enemy is: DoingNothing
INFO  03:34:03 - You are checking the State of your enemy
INFO  03:34:03 - The State of your enemy is: Interrupted
INFO  03:34:03 - You are defending for 2s.
INFO  03:34:03 - You are defending for 2s.
INFO  03:34:03 - You are trying to deal 1 damage!
INFO  03:34:03 - You are trying to deal 1 damage!
INFO  03:34:03 - You were damaged for 1 hitpoints
INFO  03:34:03 - You were trying to attack, but you were interrupted
INFO  03:34:03 - You are checking the State of your enemy
INFO  03:34:03 - The State of your enemy is: DoingNothing
INFO  03:34:03 - You are checking the State of your enemy
INFO  03:34:03 - The State of your enemy is: Interrupted
INFO  03:34:03 - You are defending for 2s.
INFO  03:34:03 - You are defending for 2s.
INFO  03:34:04 - You are trying to deal 1 damage!
INFO  03:34:04 - You are trying to deal 1 damage!
INFO  03:34:04 - You were damaged for 1 hitpoints
INFO  03:34:04 - You were trying to attack, but you were interrupted
INFO  12:37:30 - You are trying to deal 1 damage!
INFO  12:37:30 - You were damaged for 1 hitpoints
INFO  12:37:30 - You are checking the State of your enemy
INFO  12:37:30 - The State of your enemy is: DoingNothing
INFO  12:37:30 - You are defending for 2s.
INFO  12:37:30 - You are trying to deal 1 damage!
INFO  12:37:30 - You were damaged for 1 hitpoints
INFO  12:37:30 - You are checking the State of your enemy
INFO  12:37:30 - The State of your enemy is: DoingNothing
INFO  12:37:30 - You are defending for 2s.
INFO  12:37:30 - You are trying to deal 1 damage!
INFO  12:37:30 - You were damaged for 1 hitpoints
INFO  12:37:30 - You are checking the State of your enemy
INFO  12:37:30 - The State of your enemy is: DoingNothing
INFO  12:37:30 - You are defending for 2s.
INFO  12:37:31 - You are trying to deal 1 damage!
INFO  12:37:31 - You were damaged for 1 hitpoints
INFO  12:37:31 - You are checking the State of your enemy
INFO  12:37:31 - The State of your enemy is: DoingNothing
INFO  12:37:31 - You are defending for 2s.
INFO  12:37:31 - You are trying to deal 1 damage!
INFO  12:37:31 - You were damaged for 1 hitpoints
INFO  12:37:31 - You are checking the State of your enemy
INFO  12:37:31 - The State of your enemy is: DoingNothing
INFO  12:37:31 - You are defending for 2s.
INFO  12:37:31 - You are trying to deal 1 damage!
INFO  12:37:31 - You were damaged for 1 hitpoints
INFO  12:37:31 - You are checking the State of your enemy
INFO  12:37:31 - The State of your enemy is: DoingNothing
INFO  12:37:31 - You are defending for 2s.
INFO  12:37:32 - You are trying to deal 1 damage!
INFO  12:37:32 - You were damaged for 1 hitpoints
INFO  12:37:32 - You are checking the State of your enemy
INFO  12:37:32 - The State of your enemy is: DoingNothing
INFO  12:37:32 - You are defending for 2s.
INFO  12:37:32 - You are trying to deal 1 damage!
INFO  12:37:32 - You were damaged for 1 hitpoints
INFO  12:37:32 - You are checking the State of your enemy
INFO  12:37:32 - The State of your enemy is: DoingNothing
INFO  12:37:32 - You are defending for 2s.
INFO  12:37:32 - You are trying to deal 1 damage!
INFO  12:37:32 - You were damaged for 1 hitpoints
INFO  12:37:32 - You are checking the State of your enemy
INFO  12:37:32 - The State of your enemy is: DoingNothing
INFO  12:37:32 - You are defending for 2s.
INFO  12:37:33 - You are trying to deal 1 damage!
INFO  12:37:33 - You were damaged for 1 hitpoints
INFO  12:39:57 - You are trying to deal 1 damage!
INFO  12:39:57 - You were damaged for 1 hitpoints
INFO  12:39:57 - You are checking the State of your enemy
INFO  12:39:57 - The State of your enemy is: DoingNothing
INFO  12:39:57 - You are defending for 2s.
INFO  12:39:57 - You are trying to deal 1 damage!
INFO  12:39:57 - You were damaged for 1 hitpoints
INFO  12:39:57 - You are checking the State of your enemy
INFO  12:39:57 - The State of your enemy is: DoingNothing
INFO  12:39:57 - You are defending for 2s.
INFO  12:39:57 - You are trying to deal 1 damage!
INFO  12:39:57 - You were damaged for 1 hitpoints
INFO  12:39:57 - You are checking the State of your enemy
INFO  12:39:57 - The State of your enemy is: DoingNothing
INFO  12:39:57 - You are defending for 2s.
INFO  12:39:58 - You are trying to deal 1 damage!
INFO  12:39:58 - You were damaged for 1 hitpoints
INFO  12:39:58 - You are checking the State of your enemy
INFO  12:39:58 - The State of your enemy is: DoingNothing
INFO  12:39:58 - You are defending for 2s.
INFO  12:39:58 - You are trying to deal 1 damage!
INFO  12:39:58 - You were damaged for 1 hitpoints
INFO  12:39:58 - You are checking the State of your enemy
INFO  12:39:58 - The State of your enemy is: DoingNothing
INFO  12:39:58 - You are defending for 2s.
INFO  12:39:58 - You are trying to deal 1 damage!
INFO  12:39:58 - You were damaged for 1 hitpoints
INFO  12:39:58 - You are checking the State of your enemy
INFO  12:39:58 - The State of your enemy is: DoingNothing
INFO  12:39:58 - You are defending for 2s.
INFO  12:39:59 - You are trying to deal 1 damage!
INFO  12:39:59 - You were damaged for 1 hitpoints
INFO  12:39:59 - You are checking the State of your enemy
INFO  12:39:59 - The State of your enemy is: DoingNothing
INFO  12:39:59 - You are defending for 2s.
INFO  12:39:59 - You are trying to deal 1 damage!
INFO  12:39:59 - You were damaged for 1 hitpoints
INFO  12:39:59 - You are checking the State of your enemy
INFO  12:39:59 - The State of your enemy is: DoingNothing
INFO  12:39:59 - You are defending for 2s.
INFO  12:39:59 - You are trying to deal 1 damage!
INFO  12:39:59 - You were damaged for 1 hitpoints
INFO  12:39:59 - You are checking the State of your enemy
INFO  12:39:59 - The State of your enemy is: DoingNothing
INFO  12:39:59 - You are defending for 2s.
INFO  12:40:00 - You are trying to deal 1 damage!
INFO  12:40:00 - You were damaged for 1 hitpoints
INFO  01:05:32 - You are trying to deal 1 damage!
INFO  01:05:32 - You are trying to deal 1 damage!
INFO  01:08:48 - You are trying to deal 1 damage!
INFO  01:08:48 - You are trying to deal 1 damage!
INFO  01:08:48 - You were damaged for 1 hitpoints
INFO  01:08:48 - You were damaged for 1 hitpoints
INFO  01:08:48 - You are checking the State of your enemy
INFO  01:08:48 - You are checking the State of your enemy
INFO  01:08:48 - The State of your enemy is: DoingNothing
INFO  01:08:48 - The State of your enemy is: DoingNothing
INFO  01:08:48 - You are defending for 2s.
INFO  01:08:48 - You are defending for 2s.
INFO  01:08:48 - You are trying to deal 1 damage!
INFO  01:08:48 - You are trying to deal 1 damage!
INFO  01:08:48 - You were damaged for 1 hitpoints
INFO  01:08:48 - You were trying to attack, but you were interrupted
INFO  01:08:48 - You are checking the State of your enemy
INFO  01:08:48 - The State of your enemy is: Interrupted
INFO  01:08:48 - You are checking the State of your enemy
INFO  01:08:48 - The State of your enemy is: DoingNothing
INFO  01:08:48 - You are defending for 2s.
INFO  01:08:48 - You are defending for 2s.
INFO  01:08:48 - You are trying to deal 1 damage!
INFO  01:08:48 - You are trying to deal 1 damage!
INFO  01:08:49 - You were damaged for 1 hitpoints
INFO  01:08:49 - You were trying to attack, but you were interrupted
INFO  01:08:49 - You are checking the State of your enemy
INFO  01:08:49 - The State of your enemy is: Interrupted
INFO  01:08:49 - You are checking the State of your enemy
INFO  01:08:49 - The State of your enemy is: DoingNothing
INFO  01:08:49 - You are defending for 2s.
INFO  01:08:49 - You are defending for 2s.
INFO  01:08:49 - You are trying to deal 1 damage!
INFO  01:08:49 - You are trying to deal 1 damage!
INFO  01:08:49 - You were damaged for 1 hitpoints
INFO  01:08:49 - You are checking the State of your enemy
INFO  01:08:49 - The State of your enemy is: Interrupted
INFO  01:08:49 - You were trying to attack, but you were interrupted
INFO  01:08:49 - You are defending for 2s.
INFO  01:08:49 - You are checking the State of your enemy
INFO  01:08:49 - The State of your enemy is: Defending
INFO  01:08:49 - You are defending for 2s.
INFO  01:08:49 - You are trying to deal 1 damage!
INFO  01:08:49 - You are trying to deal 1 damage!
INFO  01:08:49 - You were damaged for 1 hitpoints
INFO  01:08:49 - You are checking the State of your enemy
INFO  01:08:49 - The State of your enemy is: Interrupted
INFO  01:08:49 - You were trying to attack, but you were interrupted
INFO  01:08:49 - You are defending for 2s.
INFO  01:08:49 - You are checking the State of your enemy
INFO  01:08:49 - The State of your enemy is: Defending
INFO  01:08:49 - You are defending for 2s.
INFO  01:08:49 - You are trying to deal 1 damage!
INFO  01:08:49 - You are trying to deal 1 damage!
INFO  01:08:50 - You were damaged for 1 hitpoints
INFO  01:08:50 - You are checking the State of your enemy
INFO  01:08:50 - The State of your enemy is: Interrupted
INFO  01:08:50 - You were trying to attack, but you were interrupted
INFO  01:08:50 - You are defending for 2s.
INFO  01:08:50 - You are checking the State of your enemy
INFO  01:08:50 - The State of your enemy is: Defending
INFO  01:08:50 - You are defending for 2s.
INFO  01:08:50 - You are trying to deal 1 damage!
INFO  01:08:50 - You are trying to deal 1 damage!
INFO  01:08:50 - You were damaged for 1 hitpoints
INFO  01:08:50 - You are checking the State of your enemy
INFO  01:08:50 - The State of your enemy is: Interrupted
INFO  01:08:50 - You are defending for 2s.
INFO  01:08:50 - You were trying to attack, but you were interrupted
INFO  01:08:50 - You are checking the State of your enemy
INFO  01:08:50 - The State of your enemy is: Defending
INFO  01:08:50 - You are defending for 2s.
INFO  01:08:50 - You are trying to deal 1 damage!
INFO  01:08:50 - You are trying to deal 1 damage!
INFO  01:08:50 - You were damaged for 1 hitpoints
INFO  01:08:50 - You are checking the State of your enemy
INFO  01:08:50 - The State of your enemy is: Interrupted
INFO  01:08:50 - You are defending for 2s.
INFO  01:08:50 - You were trying to attack, but you were interrupted
INFO  01:08:50 - You are checking the State of your enemy
INFO  01:08:50 - The State of your enemy is: Defending
INFO  01:08:50 - You are defending for 2s.
INFO  01:08:50 - You are trying to deal 1 damage!
INFO  01:08:51 - You are trying to deal 1 damage!
INFO  01:08:51 - You were damaged for 1 hitpoints
INFO  01:08:51 - You are checking the State of your enemy
INFO  01:08:51 - The State of your enemy is: Interrupted
INFO  01:08:51 - You are defending for 2s.
INFO  01:08:51 - You were trying to attack, but you were interrupted
INFO  01:08:51 - You are checking the State of your enemy
INFO  01:08:51 - The State of your enemy is: Defending
INFO  01:08:51 - You are defending for 2s.
INFO  01:08:51 - You are trying to deal 1 damage!
INFO  01:08:51 - You are trying to deal 1 damage!
INFO  01:08:51 - You were damaged for 1 hitpoints
INFO  01:08:51 - You were trying to attack, but you were interrupted
INFO  11:03:11 - You are trying to deal 1 damage!
INFO  11:03:11 - You are trying to deal 1 damage!
INFO  11:03:11 - You were damaged for 1 hitpoints
INFO  11:03:11 - You were damaged for 1 hitpoints
INFO  11:03:11 - You are checking the State of your enemy
INFO  11:03:11 - The State of your enemy is: DoingNothing
INFO  11:03:11 - You are checking the State of your enemy
INFO  11:03:11 - The State of your enemy is: DoingNothing
INFO  11:03:11 - You are defending for 2s.
INFO  11:03:11 - You are defending for 2s.
INFO  11:03:11 - You are trying to deal 1 damage!
INFO  11:03:11 - You are trying to deal 1 damage!
INFO  11:03:11 - You were damaged for 1 hitpoints
INFO  11:03:11 - You were trying to attack, but you were interrupted
INFO  11:03:11 - You are checking the State of your enemy
INFO  11:03:11 - The State of your enemy is: Interrupted
INFO  11:03:11 - You are checking the State of your enemy
INFO  11:03:11 - The State of your enemy is: DoingNothing
INFO  11:03:11 - You are defending for 2s.
INFO  11:03:11 - You are defending for 2s.
INFO  11:03:11 - You are trying to deal 1 damage!
INFO  11:03:11 - You are trying to deal 1 damage!
INFO  11:03:11 - You were damaged for 1 hitpoints
INFO  11:03:11 - You were trying to attack, but you were interrupted
INFO  11:03:11 - You are checking the State of your enemy
INFO  11:03:11 - The State of your enemy is: Interrupted
INFO  11:03:11 - You are checking the State of your enemy
INFO  11:03:11 - The State of your enemy is: DoingNothing
INFO  11:03:11 - You are defending for 2s.
INFO  11:03:11 - You are defending for 2s.
INFO  11:03:12 - You are trying to deal 1 damage!
INFO  11:03:12 - You are trying to deal 1 damage!
INFO  11:03:12 - You were damaged for 1 hitpoints
INFO  11:03:12 - You were trying to attack, but you were interrupted
INFO  11:03:12 - You are checking the State of your enemy
INFO  11:03:12 - The State of your enemy is: Interrupted
INFO  11:03:12 - You are checking the State of your enemy
INFO  11:03:12 - The State of your enemy is: DoingNothing
INFO  11:03:12 - You are defending for 2s.
INFO  11:03:12 - You are defending for 2s.
INFO  11:03:12 - You are trying to deal 1 damage!
INFO  11:03:12 - You are trying to deal 1 damage!
INFO  11:03:12 - You were damaged for 1 hitpoints
INFO  11:03:12 - You were trying to attack, but you were interrupted
INFO  11:03:12 - You are checking the State of your enemy
INFO  11:03:12 - The State of your enemy is: Interrupted
INFO  11:03:12 - You are checking the State of your enemy
INFO  11:03:12 - The State of your enemy is: DoingNothing
INFO  11:03:12 - You are defending for 2s.
INFO  11:03:12 - You are defending for 2s.
INFO  11:03:12 - You are trying to deal 1 damage!
INFO  11:03:12 - You are trying to deal 1 damage!
INFO  11:03:12 - You were damaged for 1 hitpoints
INFO  11:03:12 - You were trying to attack, but you were interrupted
INFO  11:03:12 - You are checking the State of your enemy
INFO  11:03:12 - The State of your enemy is: Interrupted
INFO  11:03:12 - You are checking the State of your enemy
INFO  11:03:12 - The State of your enemy is: DoingNothing
INFO  11:03:12 - You are defending for 2s.
INFO  11:03:12 - You are defending for 2s.
INFO  11:03:13 - You are trying to deal 1 damage!
INFO  11:03:13 - You are trying to deal 1 damage!
INFO  11:03:13 - You were damaged for 1 hitpoints
INFO  11:03:13 - You are checking the State of your enemy
INFO  11:03:13 - The State of your enemy is: Interrupted
INFO  11:03:13 - You were trying to attack, but you were interrupted
INFO  11:03:13 - You are defending for 2s.
INFO  11:03:13 - You are checking the State of your enemy
INFO  11:03:13 - The State of your enemy is: Defending
INFO  11:03:13 - You are defending for 2s.
INFO  11:03:13 - You are trying to deal 1 damage!
INFO  11:03:13 - You are trying to deal 1 damage!
INFO  11:03:13 - You were damaged for 1 hitpoints
INFO  11:03:13 - You are checking the State of your enemy
INFO  11:03:13 - The State of your enemy is: Interrupted
INFO  11:03:13 - You are defending for 2s.
INFO  11:03:13 - You were trying to attack, but you were interrupted
INFO  11:03:13 - You are checking the State of your enemy
INFO  11:03:13 - The State of your enemy is: Defending
INFO  11:03:13 - You are defending for 2s.
INFO  11:03:13 - You are trying to deal 1 damage!
INFO  11:03:13 - You are trying to deal 1 damage!
INFO  11:03:13 - You were damaged for 1 hitpoints
INFO  11:03:13 - You are checking the State of your enemy
INFO  11:03:13 - The State of your enemy is: Interrupted
INFO  11:03:13 - You are defending for 2s.
INFO  11:03:13 - You were trying to attack, but you were interrupted
INFO  11:03:13 - You are checking the State of your enemy
INFO  11:03:13 - The State of your enemy is: Defending
INFO  11:03:14 - You are defending for 2s.
INFO  11:03:14 - You are trying to deal 1 damage!
INFO  11:03:14 - You are trying to deal 1 damage!
INFO  11:03:14 - You were damaged for 1 hitpoints
INFO  11:03:14 - You were trying to attack, but you were interrupted
INFO  11:24:35 - You are trying to deal 1 damage!
INFO  11:24:35 - You are trying to deal 1 damage!
INFO  11:24:35 - You were damaged for 1 hitpoints
INFO  11:24:35 - You were damaged for 1 hitpoints
INFO  11:24:35 - You are checking the State of your enemy
INFO  11:24:35 - You are checking the State of your enemy
INFO  11:24:35 - The State of your enemy is: DoingNothing
INFO  11:24:35 - The State of your enemy is: DoingNothing
INFO  11:24:35 - You are defending for 2s.
INFO  11:24:35 - You are defending for 2s.
INFO  11:24:36 - You are trying to deal 1 damage!
INFO  11:24:36 - You are trying to deal 1 damage!
INFO  11:24:36 - You were damaged for 1 hitpoints
INFO  11:24:36 - You were trying to attack, but you were interrupted
INFO  11:24:36 - You are checking the State of your enemy
INFO  11:24:36 - The State of your enemy is: Interrupted
INFO  11:24:36 - You are checking the State of your enemy
INFO  11:24:36 - The State of your enemy is: DoingNothing
INFO  11:24:36 - You are defending for 2s.
INFO  11:24:36 - You are defending for 2s.
INFO  11:24:36 - You are trying to deal 1 damage!
INFO  11:24:36 - You are trying to deal 1 damage!
INFO  11:24:36 - You were damaged for 1 hitpoints
INFO  11:24:36 - You were trying to attack, but you were interrupted
INFO  11:24:37 - You are checking the State of your enemy
INFO  11:24:37 - You are checking the State of your enemy
INFO  11:24:37 - The State of your enemy is: DoingNothing
INFO  11:24:37 - The State of your enemy is: Interrupted
INFO  11:24:37 - You are defending for 2s.
INFO  11:24:37 - You are defending for 2s.
INFO  11:24:37 - You are trying to deal 1 damage!
INFO  11:24:38 - You were damaged for 1 hitpoints
INFO  11:24:39 - You are trying to deal 1 damage!
INFO  11:24:39 - You are checking the State of your enemy
INFO  11:24:39 - The State of your enemy is: Attacking
INFO  11:24:39 - You are defending for 2s.
INFO  11:24:39 - You didn`t lose any health because you were defending!
INFO  11:24:39 - You are checking the State of your enemy
INFO  11:24:39 - The State of your enemy is: Defending
INFO  11:24:39 - You are defending for 2s.
INFO  11:24:39 - You are trying to deal 1 damage!
INFO  11:24:39 - You didn`t lose any health because you were defending!
INFO  11:24:40 - You are checking the State of your enemy
INFO  11:24:40 - You are trying to deal 1 damage!
INFO  11:24:40 - The State of your enemy is: Attacking
INFO  11:24:40 - You were damaged for 1 hitpoints
INFO  11:24:40 - You are checking the State of your enemy
INFO  11:24:40 - You are defending for 2s.
INFO  11:24:40 - The State of your enemy is: Defending
INFO  11:24:40 - You are defending for 2s.
INFO  11:24:40 - You are trying to deal 1 damage!
INFO  11:24:40 - You are trying to deal 1 damage!
INFO  11:24:40 - You were damaged for 1 hitpoints
INFO  11:24:40 - You were trying to attack, but you were interrupted
INFO  11:24:40 - You are checking the State of your enemy
INFO  11:24:40 - You are checking the State of your enemy
INFO  11:24:40 - The State of your enemy is: DoingNothing
INFO  11:24:40 - The State of your enemy is: Interrupted
INFO  11:24:41 - You are defending for 2s.
INFO  11:24:41 - You are defending for 2s.
INFO  11:24:42 - You are trying to deal 1 damage!
INFO  11:24:42 - You are trying to deal 1 damage!
INFO  11:24:42 - You were damaged for 1 hitpoints
INFO  11:24:42 - You were trying to attack, but you were interrupted
INFO  11:24:42 - You are checking the State of your enemy
INFO  11:24:42 - You are checking the State of your enemy
INFO  11:24:42 - The State of your enemy is: DoingNothing
INFO  11:24:42 - The State of your enemy is: Interrupted
INFO  11:24:42 - You are defending for 2s.
INFO  11:24:42 - You are defending for 2s.
INFO  11:24:42 - You are trying to deal 1 damage!
INFO  11:24:42 - You are trying to deal 1 damage!
INFO  11:24:42 - You were damaged for 1 hitpoints
INFO  11:24:42 - You were trying to attack, but you were interrupted
INFO  11:24:42 - You are checking the State of your enemy
INFO  11:24:42 - You are checking the State of your enemy
INFO  11:24:42 - The State of your enemy is: Interrupted
INFO  11:24:42 - The State of your enemy is: DoingNothing
INFO  11:24:43 - You are defending for 2s.
INFO  11:24:43 - You are defending for 2s.
INFO  11:24:43 - You are trying to deal 1 damage!
INFO  11:24:43 - You are trying to deal 1 damage!
INFO  11:24:43 - You were damaged for 1 hitpoints
INFO  11:24:43 - You were trying to attack, but you were interrupted
INFO  11:24:43 - You are checking the State of your enemy
INFO  11:24:43 - You are checking the State of your enemy
INFO  11:24:43 - The State of your enemy is: Interrupted
INFO  11:24:43 - The State of your enemy is: DoingNothing
INFO  11:24:44 - You are defending for 2s.
INFO  11:24:44 - You are defending for 2s.
INFO  11:24:44 - You are trying to deal 1 damage!
INFO  11:24:44 - You are trying to deal 1 damage!
INFO  11:24:44 - You were damaged for 1 hitpoints
INFO  11:24:44 - You were trying to attack, but you were interrupted
INFO  11:24:45 - You are checking the State of your enemy
INFO  11:24:45 - The State of your enemy is: Interrupted
INFO  11:24:45 - You are checking the State of your enemy
INFO  11:24:45 - The State of your enemy is: DoingNothing
INFO  11:24:45 - You are defending for 2s.
INFO  11:24:45 - You are defending for 2s.
INFO  11:24:45 - You are trying to deal 1 damage!
INFO  11:24:45 - You didn`t lose any health because you were defending!
INFO  11:24:45 - You are checking the State of your enemy
INFO  11:24:45 - The State of your enemy is: DoingNothing
INFO  11:24:45 - You are trying to deal 1 damage!
INFO  11:24:45 - You are defending for 2s.
INFO  11:24:45 - You didn`t lose any health because you were defending!
INFO  11:24:45 - You are checking the State of your enemy
INFO  11:24:45 - The State of your enemy is: Defending
INFO  11:24:45 - You are trying to deal 1 damage!
INFO  11:24:45 - You are defending for 2s.
INFO  11:24:45 - You didn`t lose any health because you were defending!
INFO  11:24:46 - You are checking the State of your enemy
INFO  11:24:46 - You are trying to deal 1 damage!
INFO  11:24:46 - The State of your enemy is: Attacking
INFO  11:24:46 - You were damaged for 1 hitpoints
INFO  11:24:46 - You are defending for 2s.
INFO  11:24:46 - You are checking the State of your enemy
INFO  11:24:46 - The State of your enemy is: Defending
INFO  11:24:46 - You are defending for 2s.
INFO  11:24:46 - You are trying to deal 1 damage!
INFO  11:24:46 - You are trying to deal 1 damage!
INFO  11:24:46 - You were damaged for 1 hitpoints
INFO  11:24:46 - You were trying to attack, but you were interrupted
INFO  11:32:00 - You are trying to deal 1 damage!
INFO  11:32:00 - You are trying to deal 1 damage!
INFO  11:32:00 - You were damaged for 1 hitpoints
INFO  11:32:00 - You were damaged for 1 hitpoints
INFO  11:32:00 - You are checking the State of your enemy
INFO  11:32:00 - You are checking the State of your enemy
INFO  11:32:00 - The State of your enemy is: DoingNothing
INFO  11:32:00 - The State of your enemy is: DoingNothing
INFO  11:32:00 - You are defending for 2s.
INFO  11:32:00 - You are defending for 2s.
INFO  11:32:00 - You are trying to deal 1 damage!
INFO  11:32:00 - You are trying to deal 1 damage!
INFO  11:32:00 - You were damaged for 1 hitpoints
INFO  11:32:00 - You were trying to attack, but you were interrupted
INFO  11:32:00 - You are checking the State of your enemy
INFO  11:32:00 - The State of your enemy is: Interrupted
INFO  11:32:00 - You are checking the State of your enemy
INFO  11:32:00 - The State of your enemy is: DoingNothing
INFO  11:32:00 - You are defending for 2s.
INFO  11:32:00 - You are defending for 2s.
INFO  11:32:00 - You are trying to deal 1 damage!
INFO  11:32:00 - You are trying to deal 1 damage!
INFO  11:32:00 - You were damaged for 1 hitpoints
INFO  11:32:00 - You were trying to attack, but you were interrupted
INFO  11:32:00 - You are checking the State of your enemy
INFO  11:32:00 - The State of your enemy is: DoingNothing
INFO  11:32:00 - You are checking the State of your enemy
INFO  11:32:00 - The State of your enemy is: Interrupted
INFO  11:32:00 - You are defending for 2s.
INFO  11:32:00 - You are defending for 2s.
INFO  11:32:01 - You are trying to deal 1 damage!
INFO  11:32:01 - You are trying to deal 1 damage!
INFO  11:32:01 - You were damaged for 1 hitpoints
INFO  11:32:01 - You were trying to attack, but you were interrupted
INFO  11:32:01 - You are checking the State of your enemy
INFO  11:32:01 - The State of your enemy is: Interrupted
INFO  11:32:01 - You are checking the State of your enemy
INFO  11:32:01 - The State of your enemy is: DoingNothing
INFO  11:32:01 - You are defending for 2s.
INFO  11:32:01 - You are defending for 2s.
INFO  11:32:01 - You are trying to deal 1 damage!
INFO  11:32:01 - You are trying to deal 1 damage!
INFO  11:32:01 - You were damaged for 1 hitpoints
INFO  11:32:01 - You were trying to attack, but you were interrupted
INFO  11:32:01 - You are checking the State of your enemy
INFO  11:32:01 - The State of your enemy is: Interrupted
INFO  11:32:01 - You are checking the State of your enemy
INFO  11:32:01 - The State of your enemy is: DoingNothing
INFO  11:32:01 - You are defending for 2s.
INFO  11:32:01 - You are defending for 2s.
INFO  11:32:01 - You are trying to deal 1 damage!
INFO  11:32:01 - You are trying to deal 1 damage!
INFO  11:32:01 - You were damaged for 1 hitpoints
INFO  11:32:01 - You were trying to attack, but you were interrupted
INFO  11:32:02 - You are checking the State of your enemy
INFO  11:32:02 - The State of your enemy is: Interrupted
INFO  11:32:02 - You are checking the State of your enemy
INFO  11:32:02 - The State of your enemy is: DoingNothing
INFO  11:32:02 - You are defending for 2s.
INFO  11:32:02 - You are defending for 2s.
INFO  11:32:02 - You are trying to deal 1 damage!
INFO  11:32:02 - You are trying to deal 1 damage!
INFO  11:32:02 - You were damaged for 1 hitpoints
INFO  11:32:02 - You are checking the State of your enemy
INFO  11:32:02 - The State of your enemy is: Interrupted
INFO  11:32:02 - You were trying to attack, but you were interrupted
INFO  11:32:02 - You are defending for 2s.
INFO  11:32:02 - You are checking the State of your enemy
INFO  11:32:02 - The State of your enemy is: Defending
INFO  11:32:02 - You are defending for 2s.
INFO  11:32:02 - You are trying to deal 1 damage!
INFO  11:32:02 - You are trying to deal 1 damage!
INFO  11:32:02 - You were damaged for 1 hitpoints
INFO  11:32:02 - You are checking the State of your enemy
INFO  11:32:02 - The State of your enemy is: Interrupted
INFO  11:32:02 - You were trying to attack, but you were interrupted
INFO  11:32:02 - You are defending for 2s.
INFO  11:32:02 - You are checking the State of your enemy
INFO  11:32:02 - The State of your enemy is: Defending
INFO  11:32:02 - You are defending for 2s.
INFO  11:32:02 - You are trying to deal 1 damage!
INFO  11:32:02 - You are trying to deal 1 damage!
INFO  11:32:02 - You were damaged for 1 hitpoints
INFO  11:32:02 - You are checking the State of your enemy
INFO  11:32:03 - The State of your enemy is: Interrupted
INFO  11:32:03 - You are defending for 2s.
INFO  11:32:03 - You were trying to attack, but you were interrupted
INFO  11:32:03 - You are checking the State of your enemy
INFO  11:32:03 - The State of your enemy is: Defending
INFO  11:32:03 - You are defending for 2s.
INFO  11:32:03 - You are trying to deal 1 damage!
INFO  11:32:03 - You are trying to deal 1 damage!
INFO  11:32:03 - You were damaged for 1 hitpoints
INFO  11:32:03 - You are checking the State of your enemy
INFO  11:32:03 - The State of your enemy is: Interrupted
INFO  11:32:03 - You are defending for 2s.
INFO  11:32:03 - You were trying to attack, but you were interrupted
INFO  11:32:03 - You are checking the State of your enemy
INFO  11:32:03 - The State of your enemy is: Defending
INFO  11:32:03 - You are defending for 2s.
INFO  11:32:03 - You are trying to deal 1 damage!
INFO  11:32:03 - You are trying to deal 1 damage!
INFO  11:32:03 - You were damaged for 1 hitpoints
INFO  11:32:03 - You were trying to attack, but you were interrupted
INFO  11:34:25 - You are trying to deal 1 damage!
INFO  11:34:25 - You are trying to deal 1 damage!
INFO  11:34:25 - You were damaged for 1 hitpoints
INFO  11:34:25 - You were damaged for 1 hitpoints
INFO  11:34:25 - You are checking the State of your enemy
INFO  11:34:25 - You are checking the State of your enemy
INFO  11:34:25 - The State of your enemy is: DoingNothing
INFO  11:34:25 - The State of your enemy is: DoingNothing
INFO  11:34:25 - You are defending for 2s.
INFO  11:34:25 - You are defending for 2s.
INFO  11:34:25 - You are trying to deal 1 damage!
INFO  11:34:25 - You are trying to deal 1 damage!
INFO  11:34:25 - You were damaged for 1 hitpoints
INFO  11:34:25 - You were trying to attack, but you were interrupted
INFO  11:34:25 - You are checking the State of your enemy
INFO  11:34:25 - The State of your enemy is: Interrupted
INFO  11:34:25 - You are checking the State of your enemy
INFO  11:34:25 - The State of your enemy is: DoingNothing
INFO  11:34:25 - You are defending for 2s.
INFO  11:34:25 - You are defending for 2s.
INFO  11:34:25 - You are trying to deal 1 damage!
INFO  11:34:25 - You are trying to deal 1 damage!
INFO  11:34:25 - You were damaged for 1 hitpoints
INFO  11:34:25 - You were trying to attack, but you were interrupted
INFO  11:34:25 - You are checking the State of your enemy
INFO  11:34:25 - The State of your enemy is: Interrupted
INFO  11:34:25 - You are checking the State of your enemy
INFO  11:34:25 - The State of your enemy is: DoingNothing
INFO  11:34:25 - You are defending for 2s.
INFO  11:34:25 - You are defending for 2s.
INFO  11:34:26 - You are trying to deal 1 damage!
INFO  11:34:26 - You are trying to deal 1 damage!
INFO  11:34:26 - You were damaged for 1 hitpoints
INFO  11:34:26 - You were trying to attack, but you were interrupted
INFO  11:34:26 - You are checking the State of your enemy
INFO  11:34:26 - The State of your enemy is: Interrupted
INFO  11:34:26 - You are checking the State of your enemy
INFO  11:34:26 - The State of your enemy is: DoingNothing
INFO  11:34:26 - You are defending for 2s.
INFO  11:34:26 - You are defending for 2s.
INFO  11:34:26 - You are trying to deal 1 damage!
INFO  11:34:26 - You are trying to deal 1 damage!
INFO  11:34:26 - You were damaged for 1 hitpoints
INFO  11:34:26 - You are checking the State of your enemy
INFO  11:34:26 - You were trying to attack, but you were interrupted
INFO  11:34:26 - The State of your enemy is: Interrupted
INFO  11:34:26 - You are defending for 2s.
INFO  11:34:26 - You are checking the State of your enemy
INFO  11:34:26 - The State of your enemy is: Defending
INFO  11:34:26 - You are defending for 2s.
INFO  11:34:26 - You are trying to deal 1 damage!
INFO  11:34:26 - You are trying to deal 1 damage!
INFO  11:34:26 - You were damaged for 1 hitpoints
INFO  11:34:26 - You are checking the State of your enemy
INFO  11:34:26 - The State of your enemy is: Interrupted
INFO  11:34:26 - You were trying to attack, but you were interrupted
INFO  11:34:26 - You are defending for 2s.
INFO  11:34:26 - You are checking the State of your enemy
INFO  11:34:26 - The State of your enemy is: Defending
INFO  11:34:26 - You are defending for 2s.
INFO  11:34:27 - You are trying to deal 1 damage!
INFO  11:34:27 - You are trying to deal 1 damage!
INFO  11:34:27 - You were damaged for 1 hitpoints
INFO  11:34:27 - You are checking the State of your enemy
INFO  11:34:27 - The State of your enemy is: Interrupted
INFO  11:34:27 - You were trying to attack, but you were interrupted
INFO  11:34:27 - You are defending for 2s.
INFO  11:34:27 - You are checking the State of your enemy
INFO  11:34:27 - The State of your enemy is: Defending
INFO  11:34:27 - You are defending for 2s.
INFO  11:34:27 - You are trying to deal 1 damage!
INFO  11:34:27 - You are trying to deal 1 damage!
INFO  11:34:27 - You were damaged for 1 hitpoints
INFO  11:34:27 - You are checking the State of your enemy
INFO  11:34:27 - The State of your enemy is: Interrupted
INFO  11:34:27 - You were trying to attack, but you were interrupted
INFO  11:34:27 - You are defending for 2s.
INFO  11:34:27 - You are checking the State of your enemy
INFO  11:34:27 - The State of your enemy is: Defending
INFO  11:34:27 - You are defending for 2s.
INFO  11:34:27 - You are trying to deal 1 damage!
INFO  11:34:27 - You are trying to deal 1 damage!
INFO  11:34:27 - You were damaged for 1 hitpoints
INFO  11:34:27 - You are checking the State of your enemy
INFO  11:34:27 - The State of your enemy is: Interrupted
INFO  11:34:27 - You are defending for 2s.
INFO  11:34:27 - You were trying to attack, but you were interrupted
INFO  11:34:27 - You are checking the State of your enemy
INFO  11:34:27 - The State of your enemy is: Defending
INFO  11:34:27 - You are defending for 2s.
INFO  11:34:28 - You are trying to deal 1 damage!
INFO  11:34:28 - You are trying to deal 1 damage!
INFO  11:34:28 - You were damaged for 1 hitpoints
INFO  11:34:28 - You were trying to attack, but you were interrupted
INFO  02:36:42 - You are trying to deal 1 damage!
INFO  02:36:42 - You are trying to deal 1 damage!
INFO  02:36:42 - You were damaged for 1 hitpoints
INFO  02:36:42 - You were damaged for 1 hitpoints
INFO  02:36:42 - You are checking the State of your enemy
INFO  02:36:42 - The State of your enemy is: DoingNothing
INFO  02:36:42 - You are checking the State of your enemy
INFO  02:36:42 - The State of your enemy is: DoingNothing
INFO  02:36:42 - You are defending for 2s.
INFO  02:36:42 - You are defending for 2s.
INFO  02:36:42 - You are trying to deal 1 damage!
INFO  02:36:42 - You are trying to deal 1 damage!
INFO  02:36:42 - You were damaged for 1 hitpoints
INFO  02:36:42 - You were trying to attack, but you were interrupted
INFO  02:36:42 - You are checking the State of your enemy
INFO  02:36:42 - The State of your enemy is: Interrupted
INFO  02:36:42 - You are checking the State of your enemy
INFO  02:36:42 - The State of your enemy is: DoingNothing
INFO  02:36:42 - You are defending for 2s.
INFO  02:36:42 - You are defending for 2s.
INFO  02:36:42 - You are trying to deal 1 damage!
INFO  02:36:42 - You are trying to deal 1 damage!
INFO  02:36:42 - You were damaged for 1 hitpoints
INFO  02:36:42 - You are checking the State of your enemy
INFO  02:36:42 - The State of your enemy is: Interrupted
INFO  02:36:42 - You were trying to attack, but you were interrupted
INFO  02:36:42 - You are defending for 2s.
INFO  02:36:42 - You are checking the State of your enemy
INFO  02:36:42 - The State of your enemy is: Defending
INFO  02:36:42 - You are defending for 2s.
INFO  02:36:43 - You are trying to deal 1 damage!
INFO  02:36:43 - You are trying to deal 1 damage!
INFO  02:36:43 - You were damaged for 1 hitpoints
INFO  02:36:43 - You are checking the State of your enemy
INFO  02:36:43 - The State of your enemy is: Interrupted
INFO  02:36:43 - You were trying to attack, but you were interrupted
INFO  02:36:43 - You are checking the State of your enemy
INFO  02:36:43 - You are defending for 2s.
INFO  02:36:43 - The State of your enemy is: Defending
INFO  02:36:43 - You are defending for 2s.
INFO  02:36:43 - You are trying to deal 1 damage!
INFO  02:36:43 - You are trying to deal 1 damage!
INFO  02:36:43 - You were damaged for 1 hitpoints
INFO  02:36:43 - You are checking the State of your enemy
INFO  02:36:43 - The State of your enemy is: Interrupted
INFO  02:36:43 - You were trying to attack, but you were interrupted
INFO  02:36:43 - You are checking the State of your enemy
INFO  02:36:43 - You are defending for 2s.
INFO  02:36:43 - The State of your enemy is: Defending
INFO  02:36:43 - You are defending for 2s.
INFO  02:36:43 - You are trying to deal 1 damage!
INFO  02:36:43 - You are trying to deal 1 damage!
INFO  02:36:43 - You were damaged for 1 hitpoints
INFO  02:36:43 - You were trying to attack, but you were interrupted
INFO  02:36:43 - You are checking the State of your enemy
INFO  02:36:43 - The State of your enemy is: Interrupted
INFO  02:36:43 - You are checking the State of your enemy
INFO  02:36:43 - The State of your enemy is: DoingNothing
INFO  02:36:43 - You are defending for 2s.
INFO  02:36:43 - You are defending for 2s.
INFO  02:36:44 - You are trying to deal 1 damage!
INFO  02:36:44 - You are trying to deal 1 damage!
INFO  02:36:44 - You were damaged for 1 hitpoints
INFO  02:36:44 - You were trying to attack, but you were interrupted
INFO  02:36:44 - You are checking the State of your enemy
INFO  02:36:44 - The State of your enemy is: Interrupted
INFO  02:36:44 - You are checking the State of your enemy
INFO  02:36:44 - The State of your enemy is: DoingNothing
INFO  02:36:44 - You are defending for 2s.
INFO  02:36:44 - You are defending for 2s.
INFO  02:36:44 - You are trying to deal 1 damage!
INFO  02:36:44 - You are trying to deal 1 damage!
INFO  02:36:44 - You were damaged for 1 hitpoints
INFO  02:36:44 - You were trying to attack, but you were interrupted
INFO  02:36:44 - You are checking the State of your enemy
INFO  02:36:44 - The State of your enemy is: Interrupted
INFO  02:36:44 - You are checking the State of your enemy
INFO  02:36:44 - The State of your enemy is: DoingNothing
INFO  02:36:44 - You are defending for 2s.
INFO  02:36:44 - You are defending for 2s.
INFO  02:36:44 - You are trying to deal 1 damage!
INFO  02:36:44 - You are trying to deal 1 damage!
INFO  02:36:44 - You were damaged for 1 hitpoints
INFO  02:36:44 - You were trying to attack, but you were interrupted
INFO  02:36:44 - You are checking the State of your enemy
INFO  02:36:44 - The State of your enemy is: Interrupted
INFO  02:36:44 - You are checking the State of your enemy
INFO  02:36:44 - The State of your enemy is: DoingNothing
INFO  02:36:44 - You are defending for 2s.
INFO  02:36:44 - You are defending for 2s.
INFO  02:36:45 - You are trying to deal 1 damage!
INFO  02:36:45 - You are trying to deal 1 damage!
INFO  02:36:45 - You were damaged for 1 hitpoints
INFO  02:36:45 - You were trying to attack, but you were interrupted
